
> website@0.0.0 build
> docusaurus build

node.exe : [WARNING] The `siteConfig.onBrokenMarkd
ownLinks` config option is deprecated and will be 
removed in Docusaurus v4.
At C:\Program Files\nodejs\npm.ps1:29 char:3
+   & $NODE_EXE $NPM_CLI_JS $args
+   ~~~~~~~~~~~~~~~~~~~~~~~~~~~~~
    + CategoryInfo          : NotSpecified: ([WAR 
   NING] The `... Docusaurus v4.:String) [], Rem  
  oteException
    + FullyQualifiedErrorId : NativeCommandError
 
Please migrate and move this option to `siteConfig
.markdown.hooks.onBrokenMarkdownLinks` instead.
[INFO] [en] Creating an optimized production build...
[WARNING] The `siteConfig.onBrokenMarkdownLinks` c
onfig option is deprecated and will be removed in 
Docusaurus v4.
Please migrate and move this option to `siteConfig
.markdown.hooks.onBrokenMarkdownLinks` instead.
[90m[[90mwebpackbar[90m][39m [36mÔä╣[39m Compiling Client
[90m[[90mwebpackbar[90m][39m [36mÔä╣[39m Compiling Server
[90m[[90mwebpackbar[90m][39m [32mÔ£ö[39m Server: Compiled successfully in 642.04ms
[90m[[90mwebpackbar[90m][39m [32mÔ£ö[39m Client: Compiled successfully in 871.23ms

[ERROR] Error: Unable to build website for locale 
en.
    at tryToBuildLocale (C:\xampp\htdocs\otokira\w
p-content\plugins\mhm-rentiva\website\node_modules
\@docusaurus\core\lib\commands\build\build.js:83:1
5)
    at async C:\xampp\htdocs\otokira\wp-content\pl
ugins\mhm-rentiva\website\node_modules\@docusaurus
\core\lib\commands\build\build.js:35:9
    at async mapAsyncSequential (C:\xampp\htdocs\o
tokira\wp-content\plugins\mhm-rentiva\website\node
_modules\@docusaurus\utils\lib\jsUtils.js:21:24)
    at async Command.build (C:\xampp\htdocs\otokir
a\wp-content\plugins\mhm-rentiva\website\node_modu
les\@docusaurus\core\lib\commands\build\build.js:3
4:5)
    at async Promise.all (index 0)
    at async runCLI (C:\xampp\htdocs\otokira\wp-co
ntent\plugins\mhm-rentiva\website\node_modules\@do
cusaurus\core\lib\commands\cli.js:56:5)
    at async file:///C:/xampp/htdocs/otokira/wp-co
ntent/plugins/mhm-rentiva/website/node_modules/@do
cusaurus/core/bin/docusaurus.mjs:44:3 {
  [cause]: Error: Docusaurus found broken links!
  
  Please check the pages of your site in the list 
below, and make sure you don't reference any path 
that does not exist.
  Note: it's possible to ignore broken links with 
the 'onBrokenLinks' Docusaurus configuration, and 
let the build pass.
  
  Exhaustive list of all broken links found:
  - Broken link on source page path = /mhm-rentiva
/docs/getting-started/installation:
     -> linking to ../shortcodes.md (resolved as: 
/mhm-rentiva/docs/shortcodes.md)
  - Broken link on source page path = /mhm-rentiva
/:
     -> linking to /mhm-rentiva/docs/intro
  
      at throwError (C:\xampp\htdocs\otokira\wp-co
ntent\plugins\mhm-rentiva\website\node_modules\@do
cusaurus\logger\lib\logger.js:80:11)
      at reportBrokenLinks (C:\xampp\htdocs\otokir
a\wp-content\plugins\mhm-rentiva\website\node_modu
les\@docusaurus\core\lib\server\brokenLinks.js:250
:47)
      at handleBrokenLinks (C:\xampp\htdocs\otokir
a\wp-content\plugins\mhm-rentiva\website\node_modu
les\@docusaurus\core\lib\server\brokenLinks.js:282
:5)
      at executeBrokenLinksCheck (C:\xampp\htdocs\
otokira\wp-content\plugins\mhm-rentiva\website\nod
e_modules\@docusaurus\core\lib\commands\build\buil
dLocale.js:119:47)
      at C:\xampp\htdocs\otokira\wp-content\plugin
s\mhm-rentiva\website\node_modules\@docusaurus\cor
e\lib\commands\build\buildLocale.js:94:67
      at Object.async (C:\xampp\htdocs\otokira\wp-
content\plugins\mhm-rentiva\website\node_modules\@
docusaurus\logger\lib\perfLogger.js:42:47)
      at buildLocale (C:\xampp\htdocs\otokira\wp-c
ontent\plugins\mhm-rentiva\website\node_modules\@d
ocusaurus\core\lib\commands\build\buildLocale.js:9
4:31)
      at async runBuildLocaleTask (C:\xampp\htdocs
\otokira\wp-content\plugins\mhm-rentiva\website\no
de_modules\@docusaurus\core\lib\commands\build\bui
ld.js:98:5)
      at async C:\xampp\htdocs\otokira\wp-content\
plugins\mhm-rentiva\website\node_modules\@docusaur
us\core\lib\commands\build\build.js:79:13
      at async tryToBuildLocale (C:\xampp\htdocs\o
tokira\wp-content\plugins\mhm-rentiva\website\node
_modules\@docusaurus\core\lib\commands\build\build
.js:75:9)
}
[INFO] Docusaurus version: 3.9.2
Node version: v22.14.0
